Content-Type: multipart/alternative;
 boundary="===============6312823251967483623=="
MIME-Version: 1.0
Subject: =?utf-8?q?Contrase=C3=B1a_restablecida_en_127=2E0=2E0=2E1=3A8000?=
From: webmaster@localhost
To: igutierrez@live.cl
Date: Sat, 30 Sep 2023 04:20:01 -0000
Message-ID: <169604760191.10612.1215291487101808694@DESKTOP-GS0TDV5>

--===============6312823251967483623==
Content-Type: text/plain; charset="utf-8"
MIME-Version: 1.0
Content-Transfer-Encoding: 8bit


Ha recibido este correo electrónico porque ha solicitado restablecer la contraseña para su cuenta en 127.0.0.1:8000.

Por favor, vaya a la página siguiente y escoja una nueva contraseña.

http://127.0.0.1:8000/accounts/reset/Mg/bvbfpd-4cd77ba706feab9e586bf015e01c42a6/

Su nombre de usuario, en caso de que lo haya olvidado: Israel

¡Gracias por usar nuestro sitio!

El equipo de 127.0.0.1:8000



--===============6312823251967483623==
Content-Type: text/html; charset="utf-8"
MIME-Version: 1.0
Content-Transfer-Encoding: 8bit



    ¡Hola, Israel!

    Para iniciar el proceso de reestablecer tu contraseña, ingresa en el link a continuaci&oacute;n:

    http://127.0.0.1:8000/accounts/reset/Mg/bvbfpd-4cd77ba706feab9e586bf015e01c42a6/

    Si tienes problemas para ingresar al enlace, copialo y pegalo en la barra de navegación de tu navegador.

    Saludos, equipo de GigaGames.


--===============6312823251967483623==--

-------------------------------------------------------------------------------
