Content-Type: multipart/alternative;
 boundary="===============8287940851401907808=="
MIME-Version: 1.0
Subject: =?utf-8?q?Contrase=C3=B1a_restablecida_en_127=2E0=2E0=2E1=3A8000?=
From: webmaster@localhost
To: igutierrez@live.cl
Date: Sat, 30 Sep 2023 04:46:09 -0000
Message-ID: <169604916947.18016.1768150323370763539@DESKTOP-GS0TDV5>

--===============8287940851401907808==
Content-Type: text/plain; charset="utf-8"
MIME-Version: 1.0
Content-Transfer-Encoding: 8bit


Ha recibido este correo electrónico porque ha solicitado restablecer la contraseña para su cuenta en 127.0.0.1:8000.

Por favor, vaya a la página siguiente y escoja una nueva contraseña.

http://127.0.0.1:8000/cuenta/reset/Mg/bvbgwx-7eb802ee6d14f8c33a4668cf89162231/

Su nombre de usuario, en caso de que lo haya olvidado: Israel

¡Gracias por usar nuestro sitio!

El equipo de 127.0.0.1:8000



--===============8287940851401907808==
Content-Type: text/html; charset="utf-8"
MIME-Version: 1.0
Content-Transfer-Encoding: 8bit



    ¡Hola, Israel!

    Para iniciar el proceso de reestablecer tu contraseña, ingresa en el link a continuaci&oacute;n:

    http://127.0.0.1:8000/cuenta/reset/Mg/bvbgwx-7eb802ee6d14f8c33a4668cf89162231/

    Si tienes problemas para ingresar al enlace, copialo y pegalo en la barra de navegación de tu navegador.

    Saludos, equipo de GigaGames.


--===============8287940851401907808==--

-------------------------------------------------------------------------------
