Content-Type: multipart/alternative;
 boundary="===============3929082940251721307=="
MIME-Version: 1.0
Subject: =?utf-8?q?Contrase=C3=B1a_restablecida_en_127=2E0=2E0=2E1=3A8000?=
From: webmaster@localhost
To: igutierrez@live.cl
Date: Sat, 30 Sep 2023 05:38:47 -0000
Message-ID: <169605232714.13004.12904674888293218778@DESKTOP-GS0TDV5>

--===============3929082940251721307==
Content-Type: text/plain; charset="utf-8"
MIME-Version: 1.0
Content-Transfer-Encoding: 8bit


Ha recibido este correo electrónico porque ha solicitado restablecer la contraseña para su cuenta en 127.0.0.1:8000.

Por favor, vaya a la página siguiente y escoja una nueva contraseña.

http://127.0.0.1:8000/accounts/reset/Mg/bvbjcn-42a245422fd749f029ad17004c4c2274/

Su nombre de usuario, en caso de que lo haya olvidado: Israel

¡Gracias por usar nuestro sitio!

El equipo de 127.0.0.1:8000



--===============3929082940251721307==
Content-Type: text/html; charset="utf-8"
MIME-Version: 1.0
Content-Transfer-Encoding: 8bit


Ha recibido este correo electrónico porque ha solicitado restablecer la contraseña para su cuenta en 127.0.0.1:8000.

Por favor, vaya a la página siguiente y escoja una nueva contraseña.

http://127.0.0.1:8000/accounts/reset/Mg/bvbjcn-42a245422fd749f029ad17004c4c2274/

Su nombre de usuario, en caso de que lo haya olvidado: Israel

¡Gracias por usar nuestro sitio!

El equipo de 127.0.0.1:8000



--===============3929082940251721307==--

-------------------------------------------------------------------------------
